[0m10:54:23.680326 [debug] [MainThread]: Sending event: {'category': 'dbt', 'action': 'invocation', 'label': 'start', 'context': [<snowplow_tracker.self_describing_json.SelfDescribingJson object at 0x1083127b0>, <snowplow_tracker.self_describing_json.SelfDescribingJson object at 0x10961a5a0>, <snowplow_tracker.self_describing_json.SelfDescribingJson object at 0x10961a180>]}


============================== 10:54:23.683145 | 24ba6e83-44f2-4e56-ada2-e88c2db82f11 ==============================
[0m10:54:23.683145 [info ] [MainThread]: Running with dbt=1.11.6
[0m10:54:23.683446 [debug] [MainThread]: running dbt with arguments {'warn_error_options': 'WarnErrorOptionsV2(error=[], warn=[], silence=[])', 'log_path': 'logs', 'indirect_selection': 'eager', 'introspect': 'True', 'printer_width': '80', 'partial_parse': 'True', 'target_path': 'None', 'version_check': 'True', 'empty': 'None', 'no_print': 'None', 'use_colors': 'True', 'cache_selected_only': 'False', 'fail_fast': 'False', 'log_cache_events': 'False', 'invocation_command': 'dbt init dbt_guardian', 'warn_error': 'None', 'write_json': 'True', 'debug': 'False', 'quiet': 'False', 'send_anonymous_usage_stats': 'True', 'log_format': 'default', 'profiles_dir': '/Users/pdeguz01/.dbt', 'use_experimental_parser': 'False', 'static_parser': 'True'}
[0m10:54:23.690770 [debug] [MainThread]: Starter project path: /opt/miniconda3/lib/python3.12/site-packages/dbt/include/starter_project
[0m10:54:23.693215 [info ] [MainThread]: 
Your new dbt project "dbt_guardian" was created!

For more information on how to configure the profiles.yml file,
please consult the dbt documentation here:

  https://docs.getdbt.com/docs/configure-your-profile

One more thing:

Need help? Don't hesitate to reach out to us via GitHub issues or on Slack:

  https://community.getdbt.com/

Happy modeling!

[0m10:54:23.693386 [info ] [MainThread]: Setting up your profile.
[0m10:54:27.142895 [debug] [MainThread]: Resource report: {"command_name": "init", "command_success": true, "command_wall_clock_time": 3.4967787, "process_in_blocks": "0", "process_kernel_time": 0.098557, "process_mem_max_rss": "130596864", "process_out_blocks": "0", "process_user_time": 0.644496}
[0m10:54:27.143242 [debug] [MainThread]: Command `dbt init` succeeded at 10:54:27.143191 after 3.50 seconds
[0m10:54:27.143415 [debug] [MainThread]: Sending event: {'category': 'dbt', 'action': 'invocation', 'label': 'end', 'context': [<snowplow_tracker.self_describing_json.SelfDescribingJson object at 0x10961a660>, <snowplow_tracker.self_describing_json.SelfDescribingJson object at 0x1083127b0>, <snowplow_tracker.self_describing_json.SelfDescribingJson object at 0x108a1b380>]}
[0m10:54:27.143590 [debug] [MainThread]: Flushing usage events
[0m10:54:27.517000 [debug] [MainThread]: An error was encountered while trying to flush usage events
[0m12:07:40.117845 [debug] [MainThread]: Sending event: {'category': 'dbt', 'action': 'invocation', 'label': 'start', 'context': [<snowplow_tracker.self_describing_json.SelfDescribingJson object at 0x106337dd0>, <snowplow_tracker.self_describing_json.SelfDescribingJson object at 0x110302c00>, <snowplow_tracker.self_describing_json.SelfDescribingJson object at 0x1103027b0>]}


============================== 12:07:40.121256 | 92fca57a-25ff-428f-b421-81a9f140f98d ==============================
[0m12:07:40.121256 [info ] [MainThread]: Running with dbt=1.11.6
[0m12:07:40.121590 [debug] [MainThread]: running dbt with arguments {'use_experimental_parser': 'False', 'profiles_dir': '/Users/pdeguz01/.dbt', 'log_path': 'logs', 'fail_fast': 'False', 'log_format': 'default', 'send_anonymous_usage_stats': 'True', 'printer_width': '80', 'introspect': 'True', 'empty': 'False', 'target_path': 'None', 'debug': 'False', 'quiet': 'False', 'version_check': 'True', 'use_colors': 'True', 'invocation_command': 'dbt run', 'no_print': 'None', 'log_cache_events': 'False', 'partial_parse': 'True', 'static_parser': 'True', 'indirect_selection': 'eager', 'write_json': 'True', 'cache_selected_only': 'False', 'warn_error': 'None', 'warn_error_options': 'WarnErrorOptionsV2(error=[], warn=[], silence=[])'}
[0m12:07:40.121894 [error] [MainThread]: Encountered an error:
Runtime Error
  No dbt_project.yml found at expected path /Users/pdeguz01/Documents/git/RAGuardianNews/dbt_project.yml
  Verify that each entry within packages.yml (and their transitive dependencies) contains a file named dbt_project.yml
  
[0m12:07:40.123119 [debug] [MainThread]: Resource report: {"command_name": "run", "command_success": false, "command_wall_clock_time": 0.041131042, "process_in_blocks": "0", "process_kernel_time": 0.125917, "process_mem_max_rss": "118571008", "process_out_blocks": "0", "process_user_time": 0.646155}
[0m12:07:40.123345 [debug] [MainThread]: Command `dbt run` failed at 12:07:40.123304 after 0.04 seconds
[0m12:07:40.123503 [debug] [MainThread]: Sending event: {'category': 'dbt', 'action': 'invocation', 'label': 'end', 'context': [<snowplow_tracker.self_describing_json.SelfDescribingJson object at 0x106360c20>, <snowplow_tracker.self_describing_json.SelfDescribingJson object at 0x106337dd0>, <snowplow_tracker.self_describing_json.SelfDescribingJson object at 0x1077c83b0>]}
[0m12:07:40.123655 [debug] [MainThread]: Flushing usage events
[0m12:07:40.538869 [debug] [MainThread]: An error was encountered while trying to flush usage events
